(Archivo Log(Archivo Log(Archivo Log(Archivo Log(Archivo Log(Archivo Log(Archivo Log(Archivo Log(Archivo Log(Archivo Log(Archivo Log20:45:11.479 [main] INFO  com.educacionit.Clase41Application - Starting Clase41Application using Java 17.0.9 with PID 7568 (F:\Java\clase_41\target\classes started by addis in F:\Java\clase_41)
20:45:11.480 [main] INFO  com.educacionit.Clase41Application - No active profile set, falling back to 1 default profile: "default"
20:45:12.034 [main] INFO  o.s.b.w.e.tomcat.TomcatWebServer - Tomcat initialized with port 8080 (http)
20:45:12.043 [main] INFO  o.a.coyote.http11.Http11NioProtocol - Initializing ProtocolHandler ["http-nio-8080"]
20:45:12.044 [main] INFO  o.a.catalina.core.StandardService - Starting service [Tomcat]
20:45:12.045 [main] INFO  o.a.catalina.core.StandardEngine - Starting Servlet engine: [Apache Tomcat/10.1.20]
20:45:12.077 [main] INFO  o.a.c.c.C.[Tomcat].[localhost].[/] - Initializing Spring embedded WebApplicationContext
20:45:12.078 [main] INFO  o.s.b.w.s.c.ServletWebServerApplicationContext - Root WebApplicationContext: initialization completed in 561 ms
20:45:12.315 [main] INFO  o.a.coyote.http11.Http11NioProtocol - Starting ProtocolHandler ["http-nio-8080"]
20:45:12.318 [main] WARN  o.s.b.w.s.c.AnnotationConfigServletWebServerApplicationContext - Exception encountered during context initialization - cancelling refresh attempt: org.springframework.context.ApplicationContextException: Failed to start bean 'webServerStartStop'
20:45:12.328 [main] INFO  o.s.b.a.l.ConditionEvaluationReportLogger - 

Error starting ApplicationContext. To display the condition evaluation report re-run your application with 'debug' enabled.
20:45:12.337 [main] ERROR o.s.b.d.LoggingFailureAnalysisReporter - 

***************************
APPLICATION FAILED TO START
***************************

Description:

Web server failed to start. Port 8080 was already in use.

Action:

Identify and stop the process that's listening on port 8080 or configure this application to listen on another port.

(Archivo Log(Archivo Log20:46:23.028 [main] INFO  com.educacionit.Clase41Application - Starting Clase41Application using Java 17.0.9 with PID 7448 (F:\Java\clase_41\target\classes started by addis in F:\Java\clase_41)
20:46:23.029 [main] INFO  com.educacionit.Clase41Application - No active profile set, falling back to 1 default profile: "default"
20:46:23.576 [main] INFO  o.s.b.w.e.tomcat.TomcatWebServer - Tomcat initialized with port 8080 (http)
20:46:23.582 [main] INFO  o.a.coyote.http11.Http11NioProtocol - Initializing ProtocolHandler ["http-nio-8080"]
20:46:23.583 [main] INFO  o.a.catalina.core.StandardService - Starting service [Tomcat]
20:46:23.583 [main] INFO  o.a.catalina.core.StandardEngine - Starting Servlet engine: [Apache Tomcat/10.1.20]
20:46:23.617 [main] INFO  o.a.c.c.C.[Tomcat].[localhost].[/] - Initializing Spring embedded WebApplicationContext
20:46:23.617 [main] INFO  o.s.b.w.s.c.ServletWebServerApplicationContext - Root WebApplicationContext: initialization completed in 554 ms
20:46:23.866 [main] INFO  o.a.coyote.http11.Http11NioProtocol - Starting ProtocolHandler ["http-nio-8080"]
20:46:23.883 [main] INFO  o.s.b.w.e.tomcat.TomcatWebServer - Tomcat started on port 8080 (http) with context path ''
20:46:23.891 [main] INFO  com.educacionit.Clase41Application - Started Clase41Application in 1.093 seconds (process running for 1.621)
20:46:28.203 [RMI TCP Connection(2)-127.0.0.1] INFO  o.s.b.a.SpringApplicationAdminMXBeanRegistrar$SpringApplicationAdmin - Application shutdown requested.
20:46:28.205 [RMI TCP Connection(2)-127.0.0.1] INFO  o.a.coyote.http11.Http11NioProtocol - Stopping ProtocolHandler ["http-nio-8080"]
19:18:30.103 [main] INFO  com.educacionit.Clase41Application - Starting Clase41Application using Java 17.0.9 with PID 24984 (F:\Java\clase_41\target\classes started by addis in F:\Java\clase_41)
19:18:30.104 [main] INFO  com.educacionit.Clase41Application - No active profile set, falling back to 1 default profile: "default"
19:18:30.666 [main] INFO  o.s.b.w.e.tomcat.TomcatWebServer - Tomcat initialized with port 8080 (http)
19:18:30.673 [main] INFO  o.a.coyote.http11.Http11NioProtocol - Initializing ProtocolHandler ["http-nio-8080"]
19:18:30.674 [main] INFO  o.a.catalina.core.StandardService - Starting service [Tomcat]
19:18:30.674 [main] INFO  o.a.catalina.core.StandardEngine - Starting Servlet engine: [Apache Tomcat/10.1.20]
19:18:30.776 [main] INFO  o.a.c.c.C.[Tomcat].[localhost].[/] - Initializing Spring embedded WebApplicationContext
19:18:30.777 [main] INFO  o.s.b.w.s.c.ServletWebServerApplicationContext - Root WebApplicationContext: initialization completed in 635 ms
19:18:31.020 [main] INFO  o.a.coyote.http11.Http11NioProtocol - Starting ProtocolHandler ["http-nio-8080"]
19:18:31.032 [main] INFO  o.s.b.w.e.tomcat.TomcatWebServer - Tomcat started on port 8080 (http) with context path ''
19:18:31.039 [main] INFO  com.educacionit.Clase41Application - Started Clase41Application in 1.168 seconds (process running for 1.722)
19:18:39.229 [http-nio-8080-exec-1] INFO  o.a.c.c.C.[Tomcat].[localhost].[/] - Initializing Spring DispatcherServlet 'dispatcherServlet'
19:18:39.229 [http-nio-8080-exec-1] INFO  o.s.web.servlet.DispatcherServlet - Initializing Servlet 'dispatcherServlet'
19:18:39.229 [http-nio-8080-exec-1] INFO  o.s.web.servlet.DispatcherServlet - Completed initialization in 0 ms
19:19:26.593 [RMI TCP Connection(4)-127.0.0.1] INFO  o.s.b.a.SpringApplicationAdminMXBeanRegistrar$SpringApplicationAdmin - Application shutdown requested.
19:19:26.596 [RMI TCP Connection(4)-127.0.0.1] INFO  o.a.coyote.http11.Http11NioProtocol - Stopping ProtocolHandler ["http-nio-8080"]
19:36:29.749 [main] INFO  o.s.t.c.s.AnnotationConfigContextLoaderUtils - Could not detect default configuration classes for test class [com.educacionit.Clase41ApplicationTests]: Clase41ApplicationTests does not declare any static, non-private, non-final, nested classes annotated with @Configuration.
19:36:29.848 [main] INFO  o.s.b.t.c.SpringBootTestContextBootstrapper - Found @SpringBootConfiguration com.educacionit.Clase41Application for test class com.educacionit.Clase41ApplicationTests
19:36:30.176 [main] INFO  c.e.Clase41ApplicationTests - Starting Clase41ApplicationTests using Java 17.0.9 with PID 29544 (started by addis in F:\Java\clase_41)
19:36:30.176 [main] INFO  c.e.Clase41ApplicationTests - No active profile set, falling back to 1 default profile: "default"
19:36:31.525 [main] INFO  c.e.Clase41ApplicationTests - Started Clase41ApplicationTests in 1.538 seconds (process running for 2.526)
19:38:24.847 [main] INFO  o.s.t.c.s.AnnotationConfigContextLoaderUtils - Could not detect default configuration classes for test class [com.educacionit.Clase41ApplicationTests]: Clase41ApplicationTests does not declare any static, non-private, non-final, nested classes annotated with @Configuration.
19:38:24.951 [main] INFO  o.s.b.t.c.SpringBootTestContextBootstrapper - Found @SpringBootConfiguration com.educacionit.Clase41Application for test class com.educacionit.Clase41ApplicationTests
19:38:25.284 [main] INFO  c.e.Clase41ApplicationTests - Starting Clase41ApplicationTests using Java 17.0.9 with PID 29984 (started by addis in F:\Java\clase_41)
19:38:25.285 [main] INFO  c.e.Clase41ApplicationTests - No active profile set, falling back to 1 default profile: "default"
19:38:26.669 [main] INFO  c.e.Clase41ApplicationTests - Started Clase41ApplicationTests in 1.567 seconds (process running for 2.6)
